This file contains any messages produced by compilers while
running configure, to aid debugging if configure makes a mistake.

It was created by g2ipmsg configure 0.9.6, which was
generated by GNU Autoconf 2.61.  Invocation command line was

  $ ./configure 

## --------- ##
## Platform. ##
## --------- ##

hostname = debian
uname -m = x86_64
uname -r = 4.16.0-2-amd64
uname -s = Linux
uname -v = #1 SMP Debian 4.16.12-1 (2018-05-27)

/usr/bin/uname -p = unknown
/bin/uname -X     = unknown

/bin/arch              = unknown
/usr/bin/arch -k       = unknown
/usr/convex/getsysinfo = unknown
/usr/bin/hostinfo      = unknown
/bin/machine           = unknown
/usr/bin/oslevel       = unknown
/bin/universe          = unknown

PATH: /home/sch/perl5/bin
PATH: /home/sch/bin
PATH: /usr/local/bin
PATH: /usr/bin
PATH: /bin
PATH: /usr/local/games
PATH: /usr/games


## ----------- ##
## Core tests. ##
## ----------- ##

configure:2055: checking for doxygen
configure:2088: result: no
configure:2112: WARNING: doxygen not found - will not generate any doxygen documentation
configure:2165: checking for perl
configure:2183: found /usr/bin/perl
configure:2195: result: /usr/bin/perl
configure:4004: checking for a BSD-compatible install
configure:4060: result: /usr/bin/install -c
configure:4071: checking whether build environment is sane
configure:4114: result: yes
configure:4142: checking for a thread-safe mkdir -p
configure:4181: result: /bin/mkdir -p
configure:4194: checking for gawk
configure:4210: found /usr/bin/gawk
configure:4221: result: gawk
configure:4232: checking whether make sets $(MAKE)
configure:4253: result: yes
configure:4442: checking whether to enable maintainer-specific portions of Makefiles
configure:4451: result: no
configure:4479: checking for style of include used by make
configure:4507: result: GNU
configure:4577: checking for gcc
configure:4593: found /usr/bin/gcc
configure:4604: result: gcc
configure:4842: checking for C compiler version
configure:4849: gcc --version >&5
gcc (Debian 7.3.0-21) 7.3.0
Copyright (C) 2017 Free Software Foundation, Inc.
This is free software; see the source for copying conditions.  There is NO
warranty; not even for MERCHANTABILITY or FITNESS FOR A PARTICULAR PURPOSE.

configure:4852: $? = 0
configure:4859: gcc -v >&5
Using built-in specs.
COLLECT_GCC=gcc
COLLECT_LTO_WRAPPER=/usr/lib/gcc/x86_64-linux-gnu/7/lto-wrapper
OFFLOAD_TARGET_NAMES=nvptx-none
OFFLOAD_TARGET_DEFAULT=1
Target: x86_64-linux-gnu
Configured with: ../src/configure -v --with-pkgversion='Debian 7.3.0-21' --with-bugurl=file:///usr/share/doc/gcc-7/README.Bugs --enable-languages=c,ada,c++,go,brig,d,fortran,objc,obj-c++ --prefix=/usr --with-gcc-major-version-only --program-suffix=-7 --program-prefix=x86_64-linux-gnu- --enable-shared --enable-linker-build-id --libexecdir=/usr/lib --without-included-gettext --enable-threads=posix --libdir=/usr/lib --enable-nls --with-sysroot=/ --enable-clocale=gnu --enable-libstdcxx-debug --enable-libstdcxx-time=yes --with-default-libstdcxx-abi=new --enable-gnu-unique-object --disable-vtable-verify --enable-libmpx --enable-plugin --enable-default-pie --with-system-zlib --with-target-system-zlib --enable-objc-gc=auto --enable-multiarch --disable-werror --with-arch-32=i686 --with-abi=m64 --with-multilib-list=m32,m64,mx32 --enable-multilib --with-tune=generic --enable-offload-targets=nvptx-none --without-cuda-driver --enable-checking=release --build=x86_64-linux-gnu --host=x86_64-linux-gnu --target=x86_64-linux-gnu
Thread model: posix
gcc version 7.3.0 (Debian 7.3.0-21) 
configure:4862: $? = 0
configure:4869: gcc -V >&5
gcc: error: unrecognized command line option '-V'
gcc: fatal error: no input files
compilation terminated.
configure:4872: $? = 1
configure:4895: checking for C compiler default output file name
configure:4922: gcc    conftest.c  >&5
configure:4925: $? = 0
configure:4963: result: a.out
configure:4980: checking whether the C compiler works
configure:4990: ./a.out
configure:4993: $? = 0
configure:5010: result: yes
configure:5017: checking whether we are cross compiling
configure:5019: result: no
configure:5022: checking for suffix of executables
configure:5029: gcc -o conftest    conftest.c  >&5
configure:5032: $? = 0
configure:5056: result: 
configure:5062: checking for suffix of object files
configure:5088: gcc -c   conftest.c >&5
configure:5091: $? = 0
configure:5114: result: o
configure:5118: checking whether we are using the GNU C compiler
configure:5147: gcc -c   conftest.c >&5
configure:5153: $? = 0
configure:5170: result: yes
configure:5175: checking whether gcc accepts -g
configure:5205: gcc -c -g  conftest.c >&5
configure:5211: $? = 0
configure:5310: result: yes
configure:5327: checking for gcc option to accept ISO C89
configure:5401: gcc  -c -g -O2  conftest.c >&5
configure:5407: $? = 0
configure:5430: result: none needed
configure:5450: checking dependency style of gcc
configure:5541: result: gcc3
configure:5557: checking for library containing strerror
configure:5598: gcc -o conftest -g -O2   conftest.c  >&5
configure:5604: $? = 0
configure:5632: result: none required
configure:5688: checking for gcc
configure:5715: result: gcc
configure:5953: checking for C compiler version
configure:5960: gcc --version >&5
gcc (Debian 7.3.0-21) 7.3.0
Copyright (C) 2017 Free Software Foundation, Inc.
This is free software; see the source for copying conditions.  There is NO
warranty; not even for MERCHANTABILITY or FITNESS FOR A PARTICULAR PURPOSE.

configure:5963: $? = 0
configure:5970: gcc -v >&5
Using built-in specs.
COLLECT_GCC=gcc
COLLECT_LTO_WRAPPER=/usr/lib/gcc/x86_64-linux-gnu/7/lto-wrapper
OFFLOAD_TARGET_NAMES=nvptx-none
OFFLOAD_TARGET_DEFAULT=1
Target: x86_64-linux-gnu
Configured with: ../src/configure -v --with-pkgversion='Debian 7.3.0-21' --with-bugurl=file:///usr/share/doc/gcc-7/README.Bugs --enable-languages=c,ada,c++,go,brig,d,fortran,objc,obj-c++ --prefix=/usr --with-gcc-major-version-only --program-suffix=-7 --program-prefix=x86_64-linux-gnu- --enable-shared --enable-linker-build-id --libexecdir=/usr/lib --without-included-gettext --enable-threads=posix --libdir=/usr/lib --enable-nls --with-sysroot=/ --enable-clocale=gnu --enable-libstdcxx-debug --enable-libstdcxx-time=yes --with-default-libstdcxx-abi=new --enable-gnu-unique-object --disable-vtable-verify --enable-libmpx --enable-plugin --enable-default-pie --with-system-zlib --with-target-system-zlib --enable-objc-gc=auto --enable-multiarch --disable-werror --with-arch-32=i686 --with-abi=m64 --with-multilib-list=m32,m64,mx32 --enable-multilib --with-tune=generic --enable-offload-targets=nvptx-none --without-cuda-driver --enable-checking=release --build=x86_64-linux-gnu --host=x86_64-linux-gnu --target=x86_64-linux-gnu
Thread model: posix
gcc version 7.3.0 (Debian 7.3.0-21) 
configure:5973: $? = 0
configure:5980: gcc -V >&5
gcc: error: unrecognized command line option '-V'
gcc: fatal error: no input files
compilation terminated.
configure:5983: $? = 1
configure:5986: checking whether we are using the GNU C compiler
configure:6038: result: yes
configure:6043: checking whether gcc accepts -g
configure:6178: result: yes
configure:6195: checking for gcc option to accept ISO C89
configure:6298: result: none needed
configure:6318: checking dependency style of gcc
configure:6409: result: gcc3
configure:6472: checking for gcc
configure:6499: result: gcc
configure:6737: checking for C compiler version
configure:6744: gcc --version >&5
gcc (Debian 7.3.0-21) 7.3.0
Copyright (C) 2017 Free Software Foundation, Inc.
This is free software; see the source for copying conditions.  There is NO
warranty; not even for MERCHANTABILITY or FITNESS FOR A PARTICULAR PURPOSE.

configure:6747: $? = 0
configure:6754: gcc -v >&5
Using built-in specs.
COLLECT_GCC=gcc
COLLECT_LTO_WRAPPER=/usr/lib/gcc/x86_64-linux-gnu/7/lto-wrapper
OFFLOAD_TARGET_NAMES=nvptx-none
OFFLOAD_TARGET_DEFAULT=1
Target: x86_64-linux-gnu
Configured with: ../src/configure -v --with-pkgversion='Debian 7.3.0-21' --with-bugurl=file:///usr/share/doc/gcc-7/README.Bugs --enable-languages=c,ada,c++,go,brig,d,fortran,objc,obj-c++ --prefix=/usr --with-gcc-major-version-only --program-suffix=-7 --program-prefix=x86_64-linux-gnu- --enable-shared --enable-linker-build-id --libexecdir=/usr/lib --without-included-gettext --enable-threads=posix --libdir=/usr/lib --enable-nls --with-sysroot=/ --enable-clocale=gnu --enable-libstdcxx-debug --enable-libstdcxx-time=yes --with-default-libstdcxx-abi=new --enable-gnu-unique-object --disable-vtable-verify --enable-libmpx --enable-plugin --enable-default-pie --with-system-zlib --with-target-system-zlib --enable-objc-gc=auto --enable-multiarch --disable-werror --with-arch-32=i686 --with-abi=m64 --with-multilib-list=m32,m64,mx32 --enable-multilib --with-tune=generic --enable-offload-targets=nvptx-none --without-cuda-driver --enable-checking=release --build=x86_64-linux-gnu --host=x86_64-linux-gnu --target=x86_64-linux-gnu
Thread model: posix
gcc version 7.3.0 (Debian 7.3.0-21) 
configure:6757: $? = 0
configure:6764: gcc -V >&5
gcc: error: unrecognized command line option '-V'
gcc: fatal error: no input files
compilation terminated.
configure:6767: $? = 1
configure:6770: checking whether we are using the GNU C compiler
configure:6822: result: yes
configure:6827: checking whether gcc accepts -g
configure:6962: result: yes
configure:6979: checking for gcc option to accept ISO C89
configure:7082: result: none needed
configure:7102: checking dependency style of gcc
configure:7193: result: gcc3
configure:7223: checking for intltool >= 0.31
configure:7230: result: 0.37.1 found
configure:7281: checking for xgettext
configure:7299: found /usr/bin/xgettext
configure:7311: result: /usr/bin/xgettext
configure:7321: checking for msgmerge
configure:7339: found /usr/bin/msgmerge
configure:7351: result: /usr/bin/msgmerge
configure:7361: checking for msgfmt
configure:7379: found /usr/bin/msgfmt
configure:7391: result: /usr/bin/msgfmt
configure:7423: checking for perl
configure:7441: found /usr/bin/perl
configure:7453: result: /usr/bin/perl
configure:7472: checking for XML::Parser
configure:7475: result: ok
configure:7512: gcc -o conftest -g -O2   conftest.c  >&5
configure:7518: $? = 0
configure:7642: checking how to run the C preprocessor
configure:7682: gcc -E  conftest.c
configure:7688: $? = 0
configure:7719: gcc -E  conftest.c
conftest.c:10:10: fatal error: ac_nonexistent.h: No such file or directory
 #include <ac_nonexistent.h>
          ^~~~~~~~~~~~~~~~~~
compilation terminated.
configure:7725: $? = 1
configure: failed program was:
| /* confdefs.h.  */
| #define PACKAGE_NAME "g2ipmsg"
| #define PACKAGE_TARNAME "g2ipmsg"
| #define PACKAGE_VERSION "0.9.6"
| #define PACKAGE_STRING "g2ipmsg 0.9.6"
| #define PACKAGE_BUGREPORT "http://www.ipmsg.org/index.html.en"
| #define PACKAGE "g2ipmsg"
| #define VERSION "0.9.6"
| /* end confdefs.h.  */
| #include <ac_nonexistent.h>
configure:7758: result: gcc -E
configure:7787: gcc -E  conftest.c
configure:7793: $? = 0
configure:7824: gcc -E  conftest.c
conftest.c:10:10: fatal error: ac_nonexistent.h: No such file or directory
 #include <ac_nonexistent.h>
          ^~~~~~~~~~~~~~~~~~
compilation terminated.
configure:7830: $? = 1
configure: failed program was:
| /* confdefs.h.  */
| #define PACKAGE_NAME "g2ipmsg"
| #define PACKAGE_TARNAME "g2ipmsg"
| #define PACKAGE_VERSION "0.9.6"
| #define PACKAGE_STRING "g2ipmsg 0.9.6"
| #define PACKAGE_BUGREPORT "http://www.ipmsg.org/index.html.en"
| #define PACKAGE "g2ipmsg"
| #define VERSION "0.9.6"
| /* end confdefs.h.  */
| #include <ac_nonexistent.h>
configure:7868: checking for grep that handles long lines and -e
configure:7942: result: /bin/grep
configure:7947: checking for egrep
configure:8025: result: /bin/grep -E
configure:8030: checking for ANSI C header files
configure:8060: gcc -c -g -O2  conftest.c >&5
configure:8066: $? = 0
configure:8165: gcc -o conftest -g -O2   conftest.c  >&5
configure:8168: $? = 0
configure:8174: ./conftest
configure:8177: $? = 0
configure:8194: result: yes
configure:8211: checking for special C compiler options needed for large files
configure:8304: result: no
configure:8310: checking for _FILE_OFFSET_BITS value needed for large files
configure:8345: gcc -c -g -O2  conftest.c >&5
configure:8351: $? = 0
configure:8419: result: no
configure:8576: checking for sys/types.h
configure:8597: gcc -c -g -O2  conftest.c >&5
configure:8603: $? = 0
configure:8619: result: yes
configure:8576: checking for sys/stat.h
configure:8597: gcc -c -g -O2  conftest.c >&5
configure:8603: $? = 0
configure:8619: result: yes
configure:8576: checking for stdlib.h
configure:8597: gcc -c -g -O2  conftest.c >&5
configure:8603: $? = 0
configure:8619: result: yes
configure:8576: checking for string.h
configure:8597: gcc -c -g -O2  conftest.c >&5
configure:8603: $? = 0
configure:8619: result: yes
configure:8576: checking for memory.h
configure:8597: gcc -c -g -O2  conftest.c >&5
configure:8603: $? = 0
configure:8619: result: yes
configure:8576: checking for strings.h
configure:8597: gcc -c -g -O2  conftest.c >&5
configure:8603: $? = 0
configure:8619: result: yes
configure:8576: checking for inttypes.h
configure:8597: gcc -c -g -O2  conftest.c >&5
configure:8603: $? = 0
configure:8619: result: yes
configure:8576: checking for stdint.h
configure:8597: gcc -c -g -O2  conftest.c >&5
configure:8603: $? = 0
configure:8619: result: yes
configure:8576: checking for unistd.h
configure:8597: gcc -c -g -O2  conftest.c >&5
configure:8603: $? = 0
configure:8619: result: yes
configure:8646: checking libintl.h usability
configure:8663: gcc -c -g -O2  conftest.c >&5
configure:8669: $? = 0
configure:8683: result: yes
configure:8687: checking libintl.h presence
configure:8702: gcc -E  conftest.c
configure:8708: $? = 0
configure:8722: result: yes
configure:8755: checking for libintl.h
configure:8763: result: yes
configure:8781: checking for dirfd
configure:8837: gcc -o conftest -g -O2   conftest.c  >&5
configure:8843: $? = 0
configure:8861: result: yes
configure:8876: checking for asctime_r
configure:8932: gcc -o conftest -g -O2   conftest.c  >&5
configure:8938: $? = 0
configure:8956: result: yes
configure:8876: checking for localtime_r
configure:8932: gcc -o conftest -g -O2   conftest.c  >&5
configure:8938: $? = 0
configure:8956: result: yes
configure:9016: checking for pkg-config
configure:9035: found /usr/bin/pkg-config
configure:9048: result: /usr/bin/pkg-config
configure:9057: checking OpenSSL options with pkg-config
configure:9071: result: found
configure:9080: checking for gdi32
configure:9106: gcc -o conftest -g -O2   conftest.c -lgdi32  -lssl -lcrypto >&5
conftest.c:25:10: fatal error: windef.h: No such file or directory
 #include <windef.h>
          ^~~~~~~~~~
compilation terminated.
configure:9112: $? = 1
configure: failed program was:
| /* confdefs.h.  */
| #define PACKAGE_NAME "g2ipmsg"
| #define PACKAGE_TARNAME "g2ipmsg"
| #define PACKAGE_VERSION "0.9.6"
| #define PACKAGE_STRING "g2ipmsg 0.9.6"
| #define PACKAGE_BUGREPORT "http://www.ipmsg.org/index.html.en"
| #define PACKAGE "g2ipmsg"
| #define VERSION "0.9.6"
| #define STDC_HEADERS 1
| #define GETTEXT_PACKAGE ""
| #define HAVE_SYS_TYPES_H 1
| #define HAVE_SYS_STAT_H 1
| #define HAVE_STDLIB_H 1
| #define HAVE_STRING_H 1
| #define HAVE_MEMORY_H 1
| #define HAVE_STRINGS_H 1
| #define HAVE_INTTYPES_H 1
| #define HAVE_STDINT_H 1
| #define HAVE_UNISTD_H 1
| #define HAVE_LIBINTL_H 1
| #define HAVE_DIRFD 1
| #define HAVE_ASCTIME_R 1
| #define HAVE_LOCALTIME_R 1
| /* end confdefs.h.  */
| #include <windef.h>
|                #include <wingdi.h>
| int
| main ()
| {
| GdiFlush();
|   ;
|   return 0;
| }
configure:9125: result: no
configure:9133: checking for CRYPTO_lock in -lcrypto
configure:9168: gcc -o conftest -g -O2   conftest.c -lcrypto   -lssl -lcrypto >&5
/tmp/ccl71lwV.o: In function `main':
/home/sch/workdir/opensrc/tools/g2ipmsg-0.9.6/conftest.c:36: undefined reference to `CRYPTO_lock'
collect2: error: ld returned 1 exit status
configure:9174: $? = 1
configure: failed program was:
| /* confdefs.h.  */
| #define PACKAGE_NAME "g2ipmsg"
| #define PACKAGE_TARNAME "g2ipmsg"
| #define PACKAGE_VERSION "0.9.6"
| #define PACKAGE_STRING "g2ipmsg 0.9.6"
| #define PACKAGE_BUGREPORT "http://www.ipmsg.org/index.html.en"
| #define PACKAGE "g2ipmsg"
| #define VERSION "0.9.6"
| #define STDC_HEADERS 1
| #define GETTEXT_PACKAGE ""
| #define HAVE_SYS_TYPES_H 1
| #define HAVE_SYS_STAT_H 1
| #define HAVE_STDLIB_H 1
| #define HAVE_STRING_H 1
| #define HAVE_MEMORY_H 1
| #define HAVE_STRINGS_H 1
| #define HAVE_INTTYPES_H 1
| #define HAVE_STDINT_H 1
| #define HAVE_UNISTD_H 1
| #define HAVE_LIBINTL_H 1
| #define HAVE_DIRFD 1
| #define HAVE_ASCTIME_R 1
| #define HAVE_LOCALTIME_R 1
| /* end confdefs.h.  */
| 
| /* Override any GCC internal prototype to avoid an error.
|    Use char because int might match the return type of a GCC
|    builtin and then its argument prototype would still apply.  */
| #ifdef __cplusplus
| extern "C"
| #endif
| char CRYPTO_lock ();
| int
| main ()
| {
| return CRYPTO_lock ();
|   ;
|   return 0;
| }
configure:9192: result: no
configure:9203: checking for CRYPTO_add_lock in -lcrypto
configure:9238: gcc -o conftest -g -O2  -I/include/openssl -I/include  -L conftest.c -lcrypto   -lssl -lcrypto >&5
/usr/lib/gcc/x86_64-linux-gnu/7/../../../x86_64-linux-gnu/Scrt1.o: In function `_start':
(.text+0x20): undefined reference to `main'
collect2: error: ld returned 1 exit status
configure:9244: $? = 1
configure: failed program was:
| /* confdefs.h.  */
| #define PACKAGE_NAME "g2ipmsg"
| #define PACKAGE_TARNAME "g2ipmsg"
| #define PACKAGE_VERSION "0.9.6"
| #define PACKAGE_STRING "g2ipmsg 0.9.6"
| #define PACKAGE_BUGREPORT "http://www.ipmsg.org/index.html.en"
| #define PACKAGE "g2ipmsg"
| #define VERSION "0.9.6"
| #define STDC_HEADERS 1
| #define GETTEXT_PACKAGE ""
| #define HAVE_SYS_TYPES_H 1
| #define HAVE_SYS_STAT_H 1
| #define HAVE_STDLIB_H 1
| #define HAVE_STRING_H 1
| #define HAVE_MEMORY_H 1
| #define HAVE_STRINGS_H 1
| #define HAVE_INTTYPES_H 1
| #define HAVE_STDINT_H 1
| #define HAVE_UNISTD_H 1
| #define HAVE_LIBINTL_H 1
| #define HAVE_DIRFD 1
| #define HAVE_ASCTIME_R 1
| #define HAVE_LOCALTIME_R 1
| /* end confdefs.h.  */
| 
| /* Override any GCC internal prototype to avoid an error.
|    Use char because int might match the return type of a GCC
|    builtin and then its argument prototype would still apply.  */
| #ifdef __cplusplus
| extern "C"
| #endif
| char CRYPTO_add_lock ();
| int
| main ()
| {
| return CRYPTO_add_lock ();
|   ;
|   return 0;
| }
configure:9262: result: no
configure:10255: checking for pkg-config
configure:10273: found /usr/bin/pkg-config
configure:10285: result: /usr/bin/pkg-config
configure:10314: checking pkg-config is at least version 0.9.0
configure:10317: result: yes
configure:10328: checking for G2IPMSG
configure:10337: $PKG_CONFIG --exists --print-errors "libgnomeui-2.0 >= $LIBGNOMEUI_REQUIRED
			gtk+-2.0 >= $GTK_REQUIRED
			glib-2.0 >= $GLIB_REQUIRED"
Package libgnomeui-2.0 was not found in the pkg-config search path.
Perhaps you should add the directory containing `libgnomeui-2.0.pc'
to the PKG_CONFIG_PATH environment variable
No package 'libgnomeui-2.0' found
configure:10342: $? = 1
configure:10359: $PKG_CONFIG --exists --print-errors "libgnomeui-2.0 >= $LIBGNOMEUI_REQUIRED
			gtk+-2.0 >= $GTK_REQUIRED
			glib-2.0 >= $GLIB_REQUIRED"
Package libgnomeui-2.0 was not found in the pkg-config search path.
Perhaps you should add the directory containing `libgnomeui-2.0.pc'
to the PKG_CONFIG_PATH environment variable
No package 'libgnomeui-2.0' found
configure:10364: $? = 1
No package 'libgnomeui-2.0' found
configure:10409: error: Package requirements (libgnomeui-2.0 >= 2.14
			gtk+-2.0 >= 2.4
			glib-2.0 >= 2.8) were not met:

No package 'libgnomeui-2.0' found

Consider adjusting the PKG_CONFIG_PATH environment variable if you
installed software in a non-standard prefix.

Alternatively, you may set the environment variables G2IPMSG_CFLAGS
and G2IPMSG_LIBS to avoid the need to call pkg-config.
See the pkg-config man page for more details.


## ---------------- ##
## Cache variables. ##
## ---------------- ##

ac_cv_c_compiler_gnu=yes
ac_cv_env_APPLET_CFLAGS_set=
ac_cv_env_APPLET_CFLAGS_value=
ac_cv_env_APPLET_LIBS_set=
ac_cv_env_APPLET_LIBS_value=
ac_cv_env_CC_set=
ac_cv_env_CC_value=
ac_cv_env_CFLAGS_set=
ac_cv_env_CFLAGS_value=
ac_cv_env_CPPFLAGS_set=
ac_cv_env_CPPFLAGS_value=
ac_cv_env_CPP_set=
ac_cv_env_CPP_value=
ac_cv_env_DBUSGLIB_CFLAGS_set=
ac_cv_env_DBUSGLIB_CFLAGS_value=
ac_cv_env_DBUSGLIB_LIBS_set=
ac_cv_env_DBUSGLIB_LIBS_value=
ac_cv_env_DOXYGEN_PAPER_SIZE_set=
ac_cv_env_DOXYGEN_PAPER_SIZE_value=
ac_cv_env_G2IPMSG_CFLAGS_set=
ac_cv_env_G2IPMSG_CFLAGS_value=
ac_cv_env_G2IPMSG_LIBS_set=
ac_cv_env_G2IPMSG_LIBS_value=
ac_cv_env_GST_CFLAGS_set=
ac_cv_env_GST_CFLAGS_value=
ac_cv_env_GST_LIBS_set=
ac_cv_env_GST_LIBS_value=
ac_cv_env_LDFLAGS_set=
ac_cv_env_LDFLAGS_value=
ac_cv_env_LIBS_set=
ac_cv_env_LIBS_value=
ac_cv_env_PKG_CONFIG_set=
ac_cv_env_PKG_CONFIG_value=
ac_cv_env_SYSTRAY_CFLAGS_set=
ac_cv_env_SYSTRAY_CFLAGS_value=
ac_cv_env_SYSTRAY_LIBS_set=
ac_cv_env_SYSTRAY_LIBS_value=
ac_cv_env_build_alias_set=
ac_cv_env_build_alias_value=
ac_cv_env_host_alias_set=
ac_cv_env_host_alias_value=
ac_cv_env_target_alias_set=
ac_cv_env_target_alias_value=
ac_cv_func_asctime_r=yes
ac_cv_func_dirfd=yes
ac_cv_func_localtime_r=yes
ac_cv_header_inttypes_h=yes
ac_cv_header_libintl_h=yes
ac_cv_header_memory_h=yes
ac_cv_header_stdc=yes
ac_cv_header_stdint_h=yes
ac_cv_header_stdlib_h=yes
ac_cv_header_string_h=yes
ac_cv_header_strings_h=yes
ac_cv_header_sys_stat_h=yes
ac_cv_header_sys_types_h=yes
ac_cv_header_unistd_h=yes
ac_cv_lib_crypto_CRYPTO_add_lock=no
ac_cv_lib_crypto_CRYPTO_lock=no
ac_cv_objext=o
ac_cv_path_EGREP='/bin/grep -E'
ac_cv_path_GREP=/bin/grep
ac_cv_path_INTLTOOL_PERL=/usr/bin/perl
ac_cv_path_MSGFMT=/usr/bin/msgfmt
ac_cv_path_MSGMERGE=/usr/bin/msgmerge
ac_cv_path_PKGCONFIG=/usr/bin/pkg-config
ac_cv_path_XGETTEXT=/usr/bin/xgettext
ac_cv_path_ac_pt_DX_PERL=/usr/bin/perl
ac_cv_path_ac_pt_PKG_CONFIG=/usr/bin/pkg-config
ac_cv_path_install='/usr/bin/install -c'
ac_cv_path_mkdir=/bin/mkdir
ac_cv_prog_AWK=gawk
ac_cv_prog_CPP='gcc -E'
ac_cv_prog_ac_ct_CC=gcc
ac_cv_prog_cc_c89=
ac_cv_prog_cc_g=yes
ac_cv_prog_make_make_set=yes
ac_cv_search_strerror='none required'
ac_cv_sys_file_offset_bits=no
ac_cv_sys_largefile_CC=no
am_cv_CC_dependencies_compiler_type=gcc3
am_cv_prog_cc_stdc=

## ----------------- ##
## Output variables. ##
## ----------------- ##

ACLOCAL='${SHELL} /home/sch/workdir/opensrc/tools/g2ipmsg-0.9.6/missing --run aclocal-1.10'
ALL_LINGUAS=''
AMDEPBACKSLASH='\'
AMDEP_FALSE='#'
AMDEP_TRUE=''
AMTAR='${SHELL} /home/sch/workdir/opensrc/tools/g2ipmsg-0.9.6/missing --run tar'
APPLET_CFLAGS=''
APPLET_LIBS=''
AUTOCONF='${SHELL} /home/sch/workdir/opensrc/tools/g2ipmsg-0.9.6/missing --run autoconf'
AUTOHEADER='${SHELL} /home/sch/workdir/opensrc/tools/g2ipmsg-0.9.6/missing --run autoheader'
AUTOMAKE='${SHELL} /home/sch/workdir/opensrc/tools/g2ipmsg-0.9.6/missing --run automake-1.10'
AWK='gawk'
CATALOGS=''
CATOBJEXT=''
CC='gcc'
CCDEPMODE='depmode=gcc3'
CFLAGS='-g -O2'
CPP='gcc -E'
CPPFLAGS=''
CYGPATH_W='echo'
DATADIR=''
DATADIRNAME='share'
DBUSGLIB_CFLAGS=''
DBUSGLIB_ENABLED=''
DBUSGLIB_ENABLED_FALSE=''
DBUSGLIB_ENABLED_TRUE=''
DBUSGLIB_LIBS=''
DEFS=''
DEPDIR='.deps'
DOXYGEN_PAPER_SIZE=''
DX_COND_chi_FALSE=''
DX_COND_chi_TRUE='#'
DX_COND_chm_FALSE=''
DX_COND_chm_TRUE='#'
DX_COND_doc_FALSE=''
DX_COND_doc_TRUE='#'
DX_COND_dot_FALSE=''
DX_COND_dot_TRUE='#'
DX_COND_html_FALSE=''
DX_COND_html_TRUE='#'
DX_COND_latex_FALSE=''
DX_COND_latex_TRUE='#'
DX_COND_man_FALSE=''
DX_COND_man_TRUE='#'
DX_COND_pdf_FALSE=''
DX_COND_pdf_TRUE='#'
DX_COND_ps_FALSE=''
DX_COND_ps_TRUE='#'
DX_COND_rtf_FALSE=''
DX_COND_rtf_TRUE='#'
DX_COND_xml_FALSE=''
DX_COND_xml_TRUE='#'
DX_CONFIG='doc/Doxyfile'
DX_DOCDIR='doc/internal'
DX_DOT=''
DX_DOXYGEN=''
DX_DVIPS=''
DX_EGREP=''
DX_ENV=' SRCDIR='\''.'\'' PROJECT='\''g2ipmsg'\'' DOCDIR='\''doc/internal'\'' VERSION='\''0.9.6'\'' HAVE_DOT='\''NO'\'' GENERATE_MAN='\''NO'\'' GENERATE_RTF='\''NO'\'' GENERATE_XML='\''NO'\'' GENERATE_HTMLHELP='\''NO'\'' GENERATE_CHI='\''NO'\'' GENERATE_HTML='\''NO'\'' GENERATE_LATEX='\''NO'\'''
DX_FLAG_[]DX_CURRENT_FEATURE='[]DX_CURRENT_FEATURE'
DX_FLAG_[]DX_CURRENT_FEATURE='[]DX_CURRENT_FEATURE'
DX_FLAG_[]DX_CURRENT_FEATURE='[]DX_CURRENT_FEATURE'
DX_FLAG_[]DX_CURRENT_FEATURE='[]DX_CURRENT_FEATURE'
DX_FLAG_[]DX_CURRENT_FEATURE='[]DX_CURRENT_FEATURE'
DX_FLAG_[]DX_CURRENT_FEATURE='[]DX_CURRENT_FEATURE'
DX_FLAG_[]DX_CURRENT_FEATURE='[]DX_CURRENT_FEATURE'
DX_FLAG_[]DX_CURRENT_FEATURE='[]DX_CURRENT_FEATURE'
DX_FLAG_[]DX_CURRENT_FEATURE='[]DX_CURRENT_FEATURE'
DX_FLAG_[]DX_CURRENT_FEATURE='[]DX_CURRENT_FEATURE'
DX_FLAG_[]DX_CURRENT_FEATURE='[]DX_CURRENT_FEATURE'
DX_FLAG_[]DX_CURRENT_FEATURE='[]DX_CURRENT_FEATURE'
DX_FLAG_[]DX_CURRENT_FEATURE='[]DX_CURRENT_FEATURE'
DX_FLAG_[]DX_CURRENT_FEATURE='[]DX_CURRENT_FEATURE'
DX_FLAG_[]DX_CURRENT_FEATURE='[]DX_CURRENT_FEATURE'
DX_FLAG_[]DX_CURRENT_FEATURE='[]DX_CURRENT_FEATURE'
DX_FLAG_[]DX_CURRENT_FEATURE='[]DX_CURRENT_FEATURE'
DX_FLAG_[]DX_CURRENT_FEATURE='[]DX_CURRENT_FEATURE'
DX_FLAG_[]DX_CURRENT_FEATURE='[]DX_CURRENT_FEATURE'
DX_FLAG_[]DX_CURRENT_FEATURE='[]DX_CURRENT_FEATURE'
DX_FLAG_[]DX_CURRENT_FEATURE='[]DX_CURRENT_FEATURE'
DX_FLAG_chi='0'
DX_FLAG_chm='0'
DX_FLAG_doc='0'
DX_FLAG_dot='0'
DX_FLAG_html='0'
DX_FLAG_man='0'
DX_FLAG_pdf='0'
DX_FLAG_ps='0'
DX_FLAG_rtf='0'
DX_FLAG_xml='0'
DX_HHC=''
DX_LATEX=''
DX_MAKEINDEX=''
DX_PDFLATEX=''
DX_PERL='/usr/bin/perl'
DX_PROJECT='g2ipmsg'
ECHO_C=''
ECHO_N='-n'
ECHO_T=''
EGREP='/bin/grep -E'
ENABLE_APPLET_FALSE=''
ENABLE_APPLET_TRUE=''
EXEEXT=''
G2IPMSG_CFLAGS=''
G2IPMSG_LIBS=''
GCONF_SCHEMAS_INSTALL_FALSE=''
GCONF_SCHEMAS_INSTALL_TRUE=''
GCONF_SCHEMA_CONFIG_SOURCE=''
GCONF_SCHEMA_FILE_DIR=''
GETTEXT_PACKAGE='g2ipmsg'
GMOFILES=''
GMSGFMT=''
GNOME_GLADEDIR=''
GNOME_ICONDIR=''
GNOME_PIXMAPSDIR=''
GNOME_SCREENSAVER_ENABLED=''
GNOME_SCREENSAVER_ENABLED_FALSE=''
GNOME_SCREENSAVER_ENABLED_TRUE=''
GREP='/bin/grep'
GST_CFLAGS=''
GST_LIBS=''
ICONV=''
INSTALL_DATA='${INSTALL} -m 644'
INSTALL_PROGRAM='${INSTALL}'
INSTALL_SCRIPT='${INSTALL}'
INSTALL_STRIP_PROGRAM='$(install_sh) -c -s'
INSTOBJEXT=''
INTLLIBS=''
INTLTOOL_CAVES_RULE='%.caves:     %.caves.in     $(INTLTOOL_MERGE) $(wildcard $(top_srcdir)/po/*.po) ; LC_ALL=C $(INTLTOOL_MERGE) -d -u -c $(top_builddir)/po/.intltool-merge-cache $(top_srcdir)/po $< $@'
INTLTOOL_DESKTOP_RULE='%.desktop:   %.desktop.in   $(INTLTOOL_MERGE) $(wildcard $(top_srcdir)/po/*.po) ; LC_ALL=C $(INTLTOOL_MERGE) -d -u -c $(top_builddir)/po/.intltool-merge-cache $(top_srcdir)/po $< $@'
INTLTOOL_DIRECTORY_RULE='%.directory: %.directory.in $(INTLTOOL_MERGE) $(wildcard $(top_srcdir)/po/*.po) ; LC_ALL=C $(INTLTOOL_MERGE) -d -u -c $(top_builddir)/po/.intltool-merge-cache $(top_srcdir)/po $< $@'
INTLTOOL_EXTRACT='$(top_builddir)/intltool-extract'
INTLTOOL_KBD_RULE='%.kbd:       %.kbd.in       $(INTLTOOL_MERGE) $(wildcard $(top_srcdir)/po/*.po) ; LC_ALL=C $(INTLTOOL_MERGE) -x -u -m -c $(top_builddir)/po/.intltool-merge-cache $(top_srcdir)/po $< $@'
INTLTOOL_KEYS_RULE='%.keys:      %.keys.in      $(INTLTOOL_MERGE) $(wildcard $(top_srcdir)/po/*.po) ; LC_ALL=C $(INTLTOOL_MERGE) -k -u -c $(top_builddir)/po/.intltool-merge-cache $(top_srcdir)/po $< $@'
INTLTOOL_MERGE='$(top_builddir)/intltool-merge'
INTLTOOL_OAF_RULE='%.oaf:       %.oaf.in       $(INTLTOOL_MERGE) $(wildcard $(top_srcdir)/po/*.po) ; LC_ALL=C $(INTLTOOL_MERGE) -o -p $(top_srcdir)/po $< $@'
INTLTOOL_PERL='/usr/bin/perl'
INTLTOOL_POLICY_RULE='%.policy:    %.policy.in    $(INTLTOOL_MERGE) $(wildcard $(top_srcdir)/po/*.po) ; LC_ALL=C $(INTLTOOL_MERGE) -x -u -c $(top_builddir)/po/.intltool-merge-cache $(top_srcdir)/po $< $@'
INTLTOOL_PONG_RULE='%.pong:      %.pong.in      $(INTLTOOL_MERGE) $(wildcard $(top_srcdir)/po/*.po) ; LC_ALL=C $(INTLTOOL_MERGE) -x -u -c $(top_builddir)/po/.intltool-merge-cache $(top_srcdir)/po $< $@'
INTLTOOL_PROP_RULE='%.prop:      %.prop.in      $(INTLTOOL_MERGE) $(wildcard $(top_srcdir)/po/*.po) ; LC_ALL=C $(INTLTOOL_MERGE) -d -u -c $(top_builddir)/po/.intltool-merge-cache $(top_srcdir)/po $< $@'
INTLTOOL_SCHEMAS_RULE='%.schemas:   %.schemas.in   $(INTLTOOL_MERGE) $(wildcard $(top_srcdir)/po/*.po) ; LC_ALL=C $(INTLTOOL_MERGE) -s -u -c $(top_builddir)/po/.intltool-merge-cache $(top_srcdir)/po $< $@'
INTLTOOL_SERVER_RULE='%.server:    %.server.in    $(INTLTOOL_MERGE) $(wildcard $(top_srcdir)/po/*.po) ; LC_ALL=C $(INTLTOOL_MERGE) -o -u -c $(top_builddir)/po/.intltool-merge-cache $(top_srcdir)/po $< $@'
INTLTOOL_SERVICE_RULE='%.service: %.service.in   $(INTLTOOL_MERGE) $(wildcard $(top_srcdir)/po/*.po) ; LC_ALL=C $(INTLTOOL_MERGE) -d -u -c $(top_builddir)/po/.intltool-merge-cache $(top_srcdir)/po $< $@'
INTLTOOL_SHEET_RULE='%.sheet:     %.sheet.in     $(INTLTOOL_MERGE) $(wildcard $(top_srcdir)/po/*.po) ; LC_ALL=C $(INTLTOOL_MERGE) -x -u -c $(top_builddir)/po/.intltool-merge-cache $(top_srcdir)/po $< $@'
INTLTOOL_SOUNDLIST_RULE='%.soundlist: %.soundlist.in $(INTLTOOL_MERGE) $(wildcard $(top_srcdir)/po/*.po) ; LC_ALL=C $(INTLTOOL_MERGE) -d -u -c $(top_builddir)/po/.intltool-merge-cache $(top_srcdir)/po $< $@'
INTLTOOL_THEME_RULE='%.theme:     %.theme.in     $(INTLTOOL_MERGE) $(wildcard $(top_srcdir)/po/*.po) ; LC_ALL=C $(INTLTOOL_MERGE) -d -u -c $(top_builddir)/po/.intltool-merge-cache $(top_srcdir)/po $< $@'
INTLTOOL_UI_RULE='%.ui:        %.ui.in        $(INTLTOOL_MERGE) $(wildcard $(top_srcdir)/po/*.po) ; LC_ALL=C $(INTLTOOL_MERGE) -x -u -c $(top_builddir)/po/.intltool-merge-cache $(top_srcdir)/po $< $@'
INTLTOOL_UPDATE='$(top_builddir)/intltool-update'
INTLTOOL_XAM_RULE='%.xam:       %.xml.in       $(INTLTOOL_MERGE) $(wildcard $(top_srcdir)/po/*.po) ; LC_ALL=C $(INTLTOOL_MERGE) -x -u -c $(top_builddir)/po/.intltool-merge-cache $(top_srcdir)/po $< $@'
INTLTOOL_XML_NOMERGE_RULE='%.xml:       %.xml.in       $(INTLTOOL_MERGE) ; LC_ALL=C $(INTLTOOL_MERGE) -x -u /tmp $< $@'
INTLTOOL_XML_RULE='%.xml:       %.xml.in       $(INTLTOOL_MERGE) $(wildcard $(top_srcdir)/po/*.po) ; LC_ALL=C $(INTLTOOL_MERGE) -x -u -c $(top_builddir)/po/.intltool-merge-cache $(top_srcdir)/po $< $@'
IPMSG_EXTERNAL_CHARCODE=''
LDFLAGS=''
LIBDIR=''
LIBOBJS=''
LIBS=''
LTLIBOBJS=''
MAINT='#'
MAINTAINER_MODE_FALSE=''
MAINTAINER_MODE_TRUE='#'
MAKEINFO='${SHELL} /home/sch/workdir/opensrc/tools/g2ipmsg-0.9.6/missing --run makeinfo'
MKINSTALLDIRS=''
MSGFMT='/usr/bin/msgfmt'
MSGFMT_OPTS=''
MSGMERGE='/usr/bin/msgmerge'
OBJEXT='o'
OPENSSL_ENABLED_FALSE=''
OPENSSL_ENABLED_TRUE='#'
PACKAGE='g2ipmsg'
PACKAGE_BUGREPORT='http://www.ipmsg.org/index.html.en'
PACKAGE_CFLAGS=''
PACKAGE_LIBS=''
PACKAGE_NAME='g2ipmsg'
PACKAGE_STRING='g2ipmsg 0.9.6'
PACKAGE_TARNAME='g2ipmsg'
PACKAGE_VERSION='0.9.6'
PATH_SEPARATOR=':'
PKGCONFIG='/usr/bin/pkg-config'
PKG_CONFIG='/usr/bin/pkg-config'
POFILES=''
POSUB=''
PO_IN_DATADIR_FALSE=''
PO_IN_DATADIR_TRUE=''
PREFIX=''
SET_MAKE=''
SHELL='/bin/bash'
STRIP=''
SYSCONFDIR=''
SYSTRAY_CFLAGS=''
SYSTRAY_LIBS=''
USE_NLS=''
VERSION='0.9.6'
XGETTEXT='/usr/bin/xgettext'
ac_ct_CC='gcc'
am__fastdepCC_FALSE='#'
am__fastdepCC_TRUE=''
am__include='include'
am__isrc=''
am__leading_dot='.'
am__quote=''
am__tar='${AMTAR} chof - "$$tardir"'
am__untar='${AMTAR} xf -'
bindir='${exec_prefix}/bin'
build_alias=''
datadir='${datarootdir}'
datarootdir='${prefix}/share'
docdir='${datarootdir}/doc/${PACKAGE_TARNAME}'
dvidir='${docdir}'
exec_prefix='NONE'
gladedir=''
host_alias=''
htmldir='${docdir}'
iconsdir=''
includedir='${prefix}/include'
infodir='${datarootdir}/info'
install_sh='$(SHELL) /home/sch/workdir/opensrc/tools/g2ipmsg-0.9.6/install-sh'
libdir='${exec_prefix}/lib'
libexecdir='${exec_prefix}/libexec'
localedir='${datarootdir}/locale'
localstatedir='${prefix}/var'
mandir='${datarootdir}/man'
mkdir_p='/bin/mkdir -p'
oldincludedir='/usr/include'
pdfdir='${docdir}'
pixmapsdir=''
pkgdatadir=''
prefix='NONE'
program_transform_name='s,x,x,'
psdir='${docdir}'
sbindir='${exec_prefix}/sbin'
sharedstatedir='${prefix}/com'
sysconfdir='${prefix}/etc'
target_alias=''

## ----------- ##
## confdefs.h. ##
## ----------- ##

#define PACKAGE_NAME "g2ipmsg"
#define PACKAGE_TARNAME "g2ipmsg"
#define PACKAGE_VERSION "0.9.6"
#define PACKAGE_STRING "g2ipmsg 0.9.6"
#define PACKAGE_BUGREPORT "http://www.ipmsg.org/index.html.en"
#define PACKAGE "g2ipmsg"
#define VERSION "0.9.6"
#define STDC_HEADERS 1
#define GETTEXT_PACKAGE ""
#define HAVE_SYS_TYPES_H 1
#define HAVE_SYS_STAT_H 1
#define HAVE_STDLIB_H 1
#define HAVE_STRING_H 1
#define HAVE_MEMORY_H 1
#define HAVE_STRINGS_H 1
#define HAVE_INTTYPES_H 1
#define HAVE_STDINT_H 1
#define HAVE_UNISTD_H 1
#define HAVE_LIBINTL_H 1
#define HAVE_DIRFD 1
#define HAVE_ASCTIME_R 1
#define HAVE_LOCALTIME_R 1

configure: exit 1
